<?xml version="1.0" encoding="UTF-8"?>
<!-- Generated by org.testng.reporters.JUnitReportReporter -->
<testsuite skipped="0" hostname="DESKTOP-5ELH11U" name="training.Alert" tests="1" failures="0" timestamp="2021-05-24T22:58:08 IST" time="6.391" errors="0">
  <testcase name="Alert" time="6.391" classname="training.Alert"/>
</testsuite> <!-- training.Alert -->
